<?xml version="1.0" encoding="UTF-8"?>
<!-- Generated by org.testng.reporters.JUnitXMLReporter -->
<testsuite ignored="0" hostname="DESKTOP-6H96GGU" failures="0" tests="4" name="Default test" time="14.779" errors="0" timestamp="2024-01-02T13:35:13 IST">
  <testcase classname="com.OHRMApplicationTestingNG.OrangeHRMApplication_LoginTest" name="LoginPageValidationTest" time="0.113"/>
  <testcase classname="com.OHRMApplicationTestingNG.OrangeHRMApplication_LoginTest" name="LoginTest" time="4.69"/>
  <testcase classname="com.OHRMApplicationTestingNG.OrangeHRMApplication_LoginTest" name="OrangeHRMApplication_HomePageValidationTest" time="0.854"/>
  <testcase classname="com.OHRMApplicationTestingNG.OrangeHRMApplication_LoginTest" name="LogoutTest" time="1.694"/>
</testsuite> <!-- Default test -->
