<?xml version="1.0" encoding="UTF-8"?>
<testng-results ignored="0" total="4" passed="4" failed="0" skipped="0">
  <reporter-output>
  </reporter-output>
  <suite started-at="2024-01-02T13:34:58 IST" name="Default suite" finished-at="2024-01-02T13:35:13 IST" duration-ms="14779">
    <groups>
    </groups>
    <test started-at="2024-01-02T13:34:58 IST" name="Default test" finished-at="2024-01-02T13:35:13 IST" duration-ms="14779">
      <class name="com.OHRMApplicationTestingNG.OrangeHRMApplication_LoginTest">
        <test-method is-config="true" signature="applicationLaunch()[pri:0, instance:com.OHRMApplicationTestingNG.OrangeHRMApplication_LoginTest@47987356]" started-at="2024-01-02T13:34:58 IST" name="applicationLaunch" finished-at="2024-01-02T13:35:05 IST" duration-ms="6273" status="PASS">
          <reporter-output>
          </reporter-output>
        </test-method> <!-- applicationLaunch -->
        <test-method signature="LoginPageValidationTest()[pri:1, instance:com.OHRMApplicationTestingNG.OrangeHRMApplication_LoginTest@47987356]" started-at="2024-01-02T13:35:05 IST" name="LoginPageValidationTest" description="Validating orangeHRMApplication Loginpage" finished-at="2024-01-02T13:35:05 IST" duration-ms="113" status="PASS">
          <reporter-output>
          </reporter-output>
        </test-method> <!-- LoginPageValidationTest -->
        <test-method signature="LoginTest()[pri:2, instance:com.OHRMApplicationTestingNG.OrangeHRMApplication_LoginTest@47987356]" started-at="2024-01-02T13:35:05 IST" name="LoginTest" description="Validating OrangeHRMApplicationLogin Functionality" finished-at="2024-01-02T13:35:10 IST" duration-ms="4690" status="PASS">
          <reporter-output>
          </reporter-output>
        </test-method> <!-- LoginTest -->
        <test-method signature="OrangeHRMApplication_HomePageValidationTest()[pri:3, instance:com.OHRMApplicationTestingNG.OrangeHRMApplication_LoginTest@47987356]" started-at="2024-01-02T13:35:10 IST" name="OrangeHRMApplication_HomePageValidationTest" description="Validating orangeHRMApplication HomePage" finished-at="2024-01-02T13:35:10 IST" duration-ms="854" status="PASS">
          <reporter-output>
          </reporter-output>
        </test-method> <!-- OrangeHRMApplication_HomePageValidationTest -->
        <test-method signature="LogoutTest()[pri:4, instance:com.OHRMApplicationTestingNG.OrangeHRMApplication_LoginTest@47987356]" started-at="2024-01-02T13:35:10 IST" name="LogoutTest" description="Validating orangeHRMApplication logout functionality" finished-at="2024-01-02T13:35:12 IST" duration-ms="1694" status="PASS">
          <reporter-output>
          </reporter-output>
        </test-method> <!-- LogoutTest -->
        <test-method is-config="true" signature="applicationclose()[pri:0, instance:com.OHRMApplicationTestingNG.OrangeHRMApplication_LoginTest@47987356]" started-at="2024-01-02T13:35:12 IST" name="applicationclose" finished-at="2024-01-02T13:35:13 IST" duration-ms="1003" status="PASS">
          <reporter-output>
          </reporter-output>
        </test-method> <!-- applicationclose -->
      </class> <!-- com.OHRMApplicationTestingNG.OrangeHRMApplication_LoginTest -->
    </test> <!-- Default test -->
  </suite> <!-- Default suite -->
</testng-results>
